CONNECTIVITY
{1: [2, 3, 6], 2: [3, 4], 3: [5], 4: [], 5: [], 6: []}

natoms =  6

BONDS
[1, 2, 1, 3, 1, 6, 2, 3, 2, 4, 3, 5] 12 6

ANGLES
[2, 1, 3, 2, 1, 6, 3, 1, 6, 1, 2, 3, 1, 2, 4, 1, 3, 5, 3, 2, 4, 2, 3, 5, 1, 3, 2] 27 9

DIHEDRALS
{1: [2, 3, 6], 2: [3, 4], 3: [5, 1, 2], 4: [], 5: [], 6: []}
1 [2, 3, 6]
	1 1 [2, 3, 6] current :  [1]
		2 2 [3, 4] current :  [1, 2]
			3 3 [5, 1, 2] current :  [1, 2, 3]
				4 5 [] current :  [1, 2, 3, 5]
				 DIHEDRAL:  [1, 2, 3, 5] 4
				4 1 [2, 3, 6] current :  [1, 2, 3, 1]
				 DIHEDRAL:  [1, 2, 3, 1] 4
				4 2 [3, 4] current :  [1, 2, 3, 2]
				 DIHEDRAL:  [1, 2, 3, 2] 4
			3 4 [] current :  [1, 2, 4]
			 DIHEDRAL:  [1, 2, 4] 3
		2 3 [5, 1, 2] current :  [1, 3]
			3 5 [] current :  [1, 3, 5]
			 DIHEDRAL:  [1, 3, 5] 3
			3 1 [2, 3, 6] current :  [1, 3, 1]
				4 2 [3, 4] current :  [1, 3, 1, 2]
				 DIHEDRAL:  [1, 3, 1, 2] 4
				4 3 [5, 1, 2] current :  [1, 3, 1, 3]
				 DIHEDRAL:  [1, 3, 1, 3] 4
				4 6 [] current :  [1, 3, 1, 6]
				 DIHEDRAL:  [1, 3, 1, 6] 4
			3 2 [3, 4] current :  [1, 3, 2]
				4 3 [5, 1, 2] current :  [1, 3, 2, 3]
				 DIHEDRAL:  [1, 3, 2, 3] 4
				4 4 [] current :  [1, 3, 2, 4]
				 DIHEDRAL:  [1, 3, 2, 4] 4
		2 6 [] current :  [1, 6]
		 DIHEDRAL:  [1, 6] 2
1 [2, 3, 6]
	1 1 [2, 3, 6] current :  [1]
		2 2 [1, 3, 6] current :  [1, 2]
			3 1 [2, 3, 6] current :  [1, 2, 1]
				4 2 [1, 3, 6] current :  [1, 2, 1, 2]
				 DIHEDRAL:  [1, 2, 1, 2] 4
				4 3 [5, 1, 2] current :  [1, 2, 1, 3]
				 DIHEDRAL:  [1, 2, 1, 3] 4
				4 6 [] current :  [1, 2, 1, 6]
				 DIHEDRAL:  [1, 2, 1, 6] 4
			3 3 [5, 1, 2] current :  [1, 2, 3]
				4 5 [] current :  [1, 2, 3, 5]
				 DIHEDRAL:  [1, 2, 3, 5] 4
				4 1 [2, 3, 6] current :  [1, 2, 3, 1]
				 DIHEDRAL:  [1, 2, 3, 1] 4
				4 2 [1, 3, 6] current :  [1, 2, 3, 2]
				 DIHEDRAL:  [1, 2, 3, 2] 4
			3 6 [] current :  [1, 2, 6]
			 DIHEDRAL:  [1, 2, 6] 3
		2 3 [5, 1, 2] current :  [1, 3]
			3 5 [] current :  [1, 3, 5]
			 DIHEDRAL:  [1, 3, 5] 3
			3 1 [2, 3, 6] current :  [1, 3, 1]
				4 2 [1, 3, 6] current :  [1, 3, 1, 2]
				 DIHEDRAL:  [1, 3, 1, 2] 4
				4 3 [5, 1, 2] current :  [1, 3, 1, 3]
				 DIHEDRAL:  [1, 3, 1, 3] 4
				4 6 [] current :  [1, 3, 1, 6]
				 DIHEDRAL:  [1, 3, 1, 6] 4
			3 2 [1, 3, 6] current :  [1, 3, 2]
				4 1 [2, 3, 6] current :  [1, 3, 2, 1]
				 DIHEDRAL:  [1, 3, 2, 1] 4
				4 3 [5, 1, 2] current :  [1, 3, 2, 3]
				 DIHEDRAL:  [1, 3, 2, 3] 4
				4 6 [] current :  [1, 3, 2, 6]
				 DIHEDRAL:  [1, 3, 2, 6] 4
		2 6 [] current :  [1, 6]
		 DIHEDRAL:  [1, 6] 2
1 [2, 3, 6]
	1 1 [2, 3, 6] current :  [1]
		2 2 [1, 3, 6] current :  [1, 2]
			3 1 [2, 3, 6] current :  [1, 2, 1]
				4 2 [1, 3, 6] current :  [1, 2, 1, 2]
				 DIHEDRAL:  [1, 2, 1, 2] 4
				4 3 [1, 2, 6] current :  [1, 2, 1, 3]
				 DIHEDRAL:  [1, 2, 1, 3] 4
				4 6 [] current :  [1, 2, 1, 6]
				 DIHEDRAL:  [1, 2, 1, 6] 4
			3 3 [1, 2, 6] current :  [1, 2, 3]
				4 1 [2, 3, 6] current :  [1, 2, 3, 1]
				 DIHEDRAL:  [1, 2, 3, 1] 4
				4 2 [1, 3, 6] current :  [1, 2, 3, 2]
				 DIHEDRAL:  [1, 2, 3, 2] 4
				4 6 [] current :  [1, 2, 3, 6]
				 DIHEDRAL:  [1, 2, 3, 6] 4
			3 6 [] current :  [1, 2, 6]
			 DIHEDRAL:  [1, 2, 6] 3
		2 3 [1, 2, 6] current :  [1, 3]
			3 1 [2, 3, 6] current :  [1, 3, 1]
				4 2 [1, 3, 6] current :  [1, 3, 1, 2]
				 DIHEDRAL:  [1, 3, 1, 2] 4
				4 3 [1, 2, 6] current :  [1, 3, 1, 3]
				 DIHEDRAL:  [1, 3, 1, 3] 4
				4 6 [] current :  [1, 3, 1, 6]
				 DIHEDRAL:  [1, 3, 1, 6] 4
			3 2 [1, 3, 6] current :  [1, 3, 2]
				4 1 [2, 3, 6] current :  [1, 3, 2, 1]
				 DIHEDRAL:  [1, 3, 2, 1] 4
				4 3 [1, 2, 6] current :  [1, 3, 2, 3]
				 DIHEDRAL:  [1, 3, 2, 3] 4
				4 6 [] current :  [1, 3, 2, 6]
				 DIHEDRAL:  [1, 3, 2, 6] 4
			3 6 [] current :  [1, 3, 6]
			 DIHEDRAL:  [1, 3, 6] 3
		2 6 [] current :  [1, 6]
		 DIHEDRAL:  [1, 6] 2
1 [2, 3, 6]
	1 1 [2, 3, 6] current :  [1]
		2 2 [1, 3, 6] current :  [1, 2]
			3 1 [2, 3, 6] current :  [1, 2, 1]
				4 2 [1, 3, 6] current :  [1, 2, 1, 2]
				 DIHEDRAL:  [1, 2, 1, 2] 4
				4 3 [1, 2, 6] current :  [1, 2, 1, 3]
				 DIHEDRAL:  [1, 2, 1, 3] 4
				4 6 [1, 2, 3] current :  [1, 2, 1, 6]
				 DIHEDRAL:  [1, 2, 1, 6] 4
			3 3 [1, 2, 6] current :  [1, 2, 3]
				4 1 [2, 3, 6] current :  [1, 2, 3, 1]
				 DIHEDRAL:  [1, 2, 3, 1] 4
				4 2 [1, 3, 6] current :  [1, 2, 3, 2]
				 DIHEDRAL:  [1, 2, 3, 2] 4
				4 6 [1, 2, 3] current :  [1, 2, 3, 6]
				 DIHEDRAL:  [1, 2, 3, 6] 4
			3 6 [1, 2, 3] current :  [1, 2, 6]
				4 1 [2, 3, 6] current :  [1, 2, 6, 1]
				 DIHEDRAL:  [1, 2, 6, 1] 4
				4 2 [1, 3, 6] current :  [1, 2, 6, 2]
				 DIHEDRAL:  [1, 2, 6, 2] 4
				4 3 [1, 2, 6] current :  [1, 2, 6, 3]
				 DIHEDRAL:  [1, 2, 6, 3] 4
		2 3 [1, 2, 6] current :  [1, 3]
			3 1 [2, 3, 6] current :  [1, 3, 1]
				4 2 [1, 3, 6] current :  [1, 3, 1, 2]
				 DIHEDRAL:  [1, 3, 1, 2] 4
				4 3 [1, 2, 6] current :  [1, 3, 1, 3]
				 DIHEDRAL:  [1, 3, 1, 3] 4
				4 6 [1, 2, 3] current :  [1, 3, 1, 6]
				 DIHEDRAL:  [1, 3, 1, 6] 4
			3 2 [1, 3, 6] current :  [1, 3, 2]
				4 1 [2, 3, 6] current :  [1, 3, 2, 1]
				 DIHEDRAL:  [1, 3, 2, 1] 4
				4 3 [1, 2, 6] current :  [1, 3, 2, 3]
				 DIHEDRAL:  [1, 3, 2, 3] 4
				4 6 [1, 2, 3] current :  [1, 3, 2, 6]
				 DIHEDRAL:  [1, 3, 2, 6] 4
			3 6 [1, 2, 3] current :  [1, 3, 6]
				4 1 [2, 3, 6] current :  [1, 3, 6, 1]
				 DIHEDRAL:  [1, 3, 6, 1] 4
				4 2 [1, 3, 6] current :  [1, 3, 6, 2]
				 DIHEDRAL:  [1, 3, 6, 2] 4
				4 3 [1, 2, 6] current :  [1, 3, 6, 3]
				 DIHEDRAL:  [1, 3, 6, 3] 4
		2 6 [1, 2, 3] current :  [1, 6]
			3 1 [2, 3, 6] current :  [1, 6, 1]
				4 2 [1, 3, 6] current :  [1, 6, 1, 2]
				 DIHEDRAL:  [1, 6, 1, 2] 4
				4 3 [1, 2, 6] current :  [1, 6, 1, 3]
				 DIHEDRAL:  [1, 6, 1, 3] 4
				4 6 [1, 2, 3] current :  [1, 6, 1, 6]
				 DIHEDRAL:  [1, 6, 1, 6] 4
			3 2 [1, 3, 6] current :  [1, 6, 2]
				4 1 [2, 3, 6] current :  [1, 6, 2, 1]
				 DIHEDRAL:  [1, 6, 2, 1] 4
				4 3 [1, 2, 6] current :  [1, 6, 2, 3]
				 DIHEDRAL:  [1, 6, 2, 3] 4
				4 6 [1, 2, 3] current :  [1, 6, 2, 6]
				 DIHEDRAL:  [1, 6, 2, 6] 4
			3 3 [1, 2, 6] current :  [1, 6, 3]
				4 1 [2, 3, 6] current :  [1, 6, 3, 1]
				 DIHEDRAL:  [1, 6, 3, 1] 4
				4 2 [1, 3, 6] current :  [1, 6, 3, 2]
				 DIHEDRAL:  [1, 6, 3, 2] 4
				4 6 [1, 2, 3] current :  [1, 6, 3, 6]
				 DIHEDRAL:  [1, 6, 3, 6] 4
2 [1, 3, 6]
	1 2 [1, 3, 6] current :  [2]
		2 1 [2, 3, 6] current :  [2, 1]
			3 2 [1, 3, 6] current :  [2, 1, 2]
				4 1 [2, 3, 6] current :  [2, 1, 2, 1]
				 DIHEDRAL:  [2, 1, 2, 1] 4
				4 3 [1, 2, 6] current :  [2, 1, 2, 3]
				 DIHEDRAL:  [2, 1, 2, 3] 4
				4 6 [1, 2, 3] current :  [2, 1, 2, 6]
				 DIHEDRAL:  [2, 1, 2, 6] 4
			3 3 [1, 2, 6] current :  [2, 1, 3]
				4 1 [2, 3, 6] current :  [2, 1, 3, 1]
				 DIHEDRAL:  [2, 1, 3, 1] 4
				4 2 [1, 3, 6] current :  [2, 1, 3, 2]
				 DIHEDRAL:  [2, 1, 3, 2] 4
				4 6 [1, 2, 3] current :  [2, 1, 3, 6]
				 DIHEDRAL:  [2, 1, 3, 6] 4
			3 6 [1, 2, 3] current :  [2, 1, 6]
				4 1 [2, 3, 6] current :  [2, 1, 6, 1]
				 DIHEDRAL:  [2, 1, 6, 1] 4
				4 2 [1, 3, 6] current :  [2, 1, 6, 2]
				 DIHEDRAL:  [2, 1, 6, 2] 4
				4 3 [1, 2, 6] current :  [2, 1, 6, 3]
				 DIHEDRAL:  [2, 1, 6, 3] 4
		2 3 [1, 2, 6] current :  [2, 3]
			3 1 [2, 3, 6] current :  [2, 3, 1]
				4 2 [1, 3, 6] current :  [2, 3, 1, 2]
				 DIHEDRAL:  [2, 3, 1, 2] 4
				4 3 [1, 2, 6] current :  [2, 3, 1, 3]
				 DIHEDRAL:  [2, 3, 1, 3] 4
				4 6 [1, 2, 3] current :  [2, 3, 1, 6]
				 DIHEDRAL:  [2, 3, 1, 6] 4
			3 2 [1, 3, 6] current :  [2, 3, 2]
				4 1 [2, 3, 6] current :  [2, 3, 2, 1]
				 DIHEDRAL:  [2, 3, 2, 1] 4
				4 3 [1, 2, 6] current :  [2, 3, 2, 3]
				 DIHEDRAL:  [2, 3, 2, 3] 4
				4 6 [1, 2, 3] current :  [2, 3, 2, 6]
				 DIHEDRAL:  [2, 3, 2, 6] 4
			3 6 [1, 2, 3] current :  [2, 3, 6]
				4 1 [2, 3, 6] current :  [2, 3, 6, 1]
				 DIHEDRAL:  [2, 3, 6, 1] 4
				4 2 [1, 3, 6] current :  [2, 3, 6, 2]
				 DIHEDRAL:  [2, 3, 6, 2] 4
				4 3 [1, 2, 6] current :  [2, 3, 6, 3]
				 DIHEDRAL:  [2, 3, 6, 3] 4
		2 6 [1, 2, 3] current :  [2, 6]
			3 1 [2, 3, 6] current :  [2, 6, 1]
				4 2 [1, 3, 6] current :  [2, 6, 1, 2]
				 DIHEDRAL:  [2, 6, 1, 2] 4
				4 3 [1, 2, 6] current :  [2, 6, 1, 3]
				 DIHEDRAL:  [2, 6, 1, 3] 4
				4 6 [1, 2, 3] current :  [2, 6, 1, 6]
				 DIHEDRAL:  [2, 6, 1, 6] 4
			3 2 [1, 3, 6] current :  [2, 6, 2]
				4 1 [2, 3, 6] current :  [2, 6, 2, 1]
				 DIHEDRAL:  [2, 6, 2, 1] 4
				4 3 [1, 2, 6] current :  [2, 6, 2, 3]
				 DIHEDRAL:  [2, 6, 2, 3] 4
				4 6 [1, 2, 3] current :  [2, 6, 2, 6]
				 DIHEDRAL:  [2, 6, 2, 6] 4
			3 3 [1, 2, 6] current :  [2, 6, 3]
				4 1 [2, 3, 6] current :  [2, 6, 3, 1]
				 DIHEDRAL:  [2, 6, 3, 1] 4
				4 2 [1, 3, 6] current :  [2, 6, 3, 2]
				 DIHEDRAL:  [2, 6, 3, 2] 4
				4 6 [1, 2, 3] current :  [2, 6, 3, 6]
				 DIHEDRAL:  [2, 6, 3, 6] 4
2 [1, 3, 6]
	1 2 [1, 3, 6] current :  [2]
		2 1 [2, 3, 6] current :  [2, 1]
			3 2 [1, 3, 6] current :  [2, 1, 2]
				4 1 [2, 3, 6] current :  [2, 1, 2, 1]
				 DIHEDRAL:  [2, 1, 2, 1] 4
				4 3 [1, 2, 6] current :  [2, 1, 2, 3]
				 DIHEDRAL:  [2, 1, 2, 3] 4
				4 6 [1, 2, 3] current :  [2, 1, 2, 6]
				 DIHEDRAL:  [2, 1, 2, 6] 4
			3 3 [1, 2, 6] current :  [2, 1, 3]
				4 1 [2, 3, 6] current :  [2, 1, 3, 1]
				 DIHEDRAL:  [2, 1, 3, 1] 4
				4 2 [1, 3, 6] current :  [2, 1, 3, 2]
				 DIHEDRAL:  [2, 1, 3, 2] 4
				4 6 [1, 2, 3] current :  [2, 1, 3, 6]
				 DIHEDRAL:  [2, 1, 3, 6] 4
			3 6 [1, 2, 3] current :  [2, 1, 6]
				4 1 [2, 3, 6] current :  [2, 1, 6, 1]
				 DIHEDRAL:  [2, 1, 6, 1] 4
				4 2 [1, 3, 6] current :  [2, 1, 6, 2]
				 DIHEDRAL:  [2, 1, 6, 2] 4
				4 3 [1, 2, 6] current :  [2, 1, 6, 3]
				 DIHEDRAL:  [2, 1, 6, 3] 4
		2 3 [1, 2, 6] current :  [2, 3]
			3 1 [2, 3, 6] current :  [2, 3, 1]
				4 2 [1, 3, 6] current :  [2, 3, 1, 2]
				 DIHEDRAL:  [2, 3, 1, 2] 4
				4 3 [1, 2, 6] current :  [2, 3, 1, 3]
				 DIHEDRAL:  [2, 3, 1, 3] 4
				4 6 [1, 2, 3] current :  [2, 3, 1, 6]
				 DIHEDRAL:  [2, 3, 1, 6] 4
			3 2 [1, 3, 6] current :  [2, 3, 2]
				4 1 [2, 3, 6] current :  [2, 3, 2, 1]
				 DIHEDRAL:  [2, 3, 2, 1] 4
				4 3 [1, 2, 6] current :  [2, 3, 2, 3]
				 DIHEDRAL:  [2, 3, 2, 3] 4
				4 6 [1, 2, 3] current :  [2, 3, 2, 6]
				 DIHEDRAL:  [2, 3, 2, 6] 4
			3 6 [1, 2, 3] current :  [2, 3, 6]
				4 1 [2, 3, 6] current :  [2, 3, 6, 1]
				 DIHEDRAL:  [2, 3, 6, 1] 4
				4 2 [1, 3, 6] current :  [2, 3, 6, 2]
				 DIHEDRAL:  [2, 3, 6, 2] 4
				4 3 [1, 2, 6] current :  [2, 3, 6, 3]
				 DIHEDRAL:  [2, 3, 6, 3] 4
		2 6 [1, 2, 3] current :  [2, 6]
			3 1 [2, 3, 6] current :  [2, 6, 1]
				4 2 [1, 3, 6] current :  [2, 6, 1, 2]
				 DIHEDRAL:  [2, 6, 1, 2] 4
				4 3 [1, 2, 6] current :  [2, 6, 1, 3]
				 DIHEDRAL:  [2, 6, 1, 3] 4
				4 6 [1, 2, 3] current :  [2, 6, 1, 6]
				 DIHEDRAL:  [2, 6, 1, 6] 4
			3 2 [1, 3, 6] current :  [2, 6, 2]
				4 1 [2, 3, 6] current :  [2, 6, 2, 1]
				 DIHEDRAL:  [2, 6, 2, 1] 4
				4 3 [1, 2, 6] current :  [2, 6, 2, 3]
				 DIHEDRAL:  [2, 6, 2, 3] 4
				4 6 [1, 2, 3] current :  [2, 6, 2, 6]
				 DIHEDRAL:  [2, 6, 2, 6] 4
			3 3 [1, 2, 6] current :  [2, 6, 3]
				4 1 [2, 3, 6] current :  [2, 6, 3, 1]
				 DIHEDRAL:  [2, 6, 3, 1] 4
				4 2 [1, 3, 6] current :  [2, 6, 3, 2]
				 DIHEDRAL:  [2, 6, 3, 2] 4
				4 6 [1, 2, 3] current :  [2, 6, 3, 6]
				 DIHEDRAL:  [2, 6, 3, 6] 4
2 [1, 3, 6]
	1 2 [1, 3, 6] current :  [2]
		2 1 [2, 3, 6] current :  [2, 1]
			3 2 [1, 3, 6] current :  [2, 1, 2]
				4 1 [2, 3, 6] current :  [2, 1, 2, 1]
				 DIHEDRAL:  [2, 1, 2, 1] 4
				4 3 [2, 1, 6] current :  [2, 1, 2, 3]
				 DIHEDRAL:  [2, 1, 2, 3] 4
				4 6 [1, 2, 3] current :  [2, 1, 2, 6]
				 DIHEDRAL:  [2, 1, 2, 6] 4
			3 3 [2, 1, 6] current :  [2, 1, 3]
				4 2 [1, 3, 6] current :  [2, 1, 3, 2]
				 DIHEDRAL:  [2, 1, 3, 2] 4
				4 1 [2, 3, 6] current :  [2, 1, 3, 1]
				 DIHEDRAL:  [2, 1, 3, 1] 4
				4 6 [1, 2, 3] current :  [2, 1, 3, 6]
				 DIHEDRAL:  [2, 1, 3, 6] 4
			3 6 [1, 2, 3] current :  [2, 1, 6]
				4 1 [2, 3, 6] current :  [2, 1, 6, 1]
				 DIHEDRAL:  [2, 1, 6, 1] 4
				4 2 [1, 3, 6] current :  [2, 1, 6, 2]
				 DIHEDRAL:  [2, 1, 6, 2] 4
				4 3 [2, 1, 6] current :  [2, 1, 6, 3]
				 DIHEDRAL:  [2, 1, 6, 3] 4
		2 3 [2, 1, 6] current :  [2, 3]
			3 2 [1, 3, 6] current :  [2, 3, 2]
				4 1 [2, 3, 6] current :  [2, 3, 2, 1]
				 DIHEDRAL:  [2, 3, 2, 1] 4
				4 3 [2, 1, 6] current :  [2, 3, 2, 3]
				 DIHEDRAL:  [2, 3, 2, 3] 4
				4 6 [1, 2, 3] current :  [2, 3, 2, 6]
				 DIHEDRAL:  [2, 3, 2, 6] 4
			3 1 [2, 3, 6] current :  [2, 3, 1]
				4 2 [1, 3, 6] current :  [2, 3, 1, 2]
				 DIHEDRAL:  [2, 3, 1, 2] 4
				4 3 [2, 1, 6] current :  [2, 3, 1, 3]
				 DIHEDRAL:  [2, 3, 1, 3] 4
				4 6 [1, 2, 3] current :  [2, 3, 1, 6]
				 DIHEDRAL:  [2, 3, 1, 6] 4
			3 6 [1, 2, 3] current :  [2, 3, 6]
				4 1 [2, 3, 6] current :  [2, 3, 6, 1]
				 DIHEDRAL:  [2, 3, 6, 1] 4
				4 2 [1, 3, 6] current :  [2, 3, 6, 2]
				 DIHEDRAL:  [2, 3, 6, 2] 4
				4 3 [2, 1, 6] current :  [2, 3, 6, 3]
				 DIHEDRAL:  [2, 3, 6, 3] 4
		2 6 [1, 2, 3] current :  [2, 6]
			3 1 [2, 3, 6] current :  [2, 6, 1]
				4 2 [1, 3, 6] current :  [2, 6, 1, 2]
				 DIHEDRAL:  [2, 6, 1, 2] 4
				4 3 [2, 1, 6] current :  [2, 6, 1, 3]
				 DIHEDRAL:  [2, 6, 1, 3] 4
				4 6 [1, 2, 3] current :  [2, 6, 1, 6]
				 DIHEDRAL:  [2, 6, 1, 6] 4
			3 2 [1, 3, 6] current :  [2, 6, 2]
				4 1 [2, 3, 6] current :  [2, 6, 2, 1]
				 DIHEDRAL:  [2, 6, 2, 1] 4
				4 3 [2, 1, 6] current :  [2, 6, 2, 3]
				 DIHEDRAL:  [2, 6, 2, 3] 4
				4 6 [1, 2, 3] current :  [2, 6, 2, 6]
				 DIHEDRAL:  [2, 6, 2, 6] 4
			3 3 [2, 1, 6] current :  [2, 6, 3]
				4 2 [1, 3, 6] current :  [2, 6, 3, 2]
				 DIHEDRAL:  [2, 6, 3, 2] 4
				4 1 [2, 3, 6] current :  [2, 6, 3, 1]
				 DIHEDRAL:  [2, 6, 3, 1] 4
				4 6 [1, 2, 3] current :  [2, 6, 3, 6]
				 DIHEDRAL:  [2, 6, 3, 6] 4
2 [1, 3, 6]
	1 2 [1, 3, 6] current :  [2]
		2 1 [2, 3, 6] current :  [2, 1]
			3 2 [1, 3, 6] current :  [2, 1, 2]
				4 1 [2, 3, 6] current :  [2, 1, 2, 1]
				 DIHEDRAL:  [2, 1, 2, 1] 4
				4 3 [2, 1, 6] current :  [2, 1, 2, 3]
				 DIHEDRAL:  [2, 1, 2, 3] 4
				4 6 [2, 1, 3] current :  [2, 1, 2, 6]
				 DIHEDRAL:  [2, 1, 2, 6] 4
			3 3 [2, 1, 6] current :  [2, 1, 3]
				4 2 [1, 3, 6] current :  [2, 1, 3, 2]
				 DIHEDRAL:  [2, 1, 3, 2] 4
				4 1 [2, 3, 6] current :  [2, 1, 3, 1]
				 DIHEDRAL:  [2, 1, 3, 1] 4
				4 6 [2, 1, 3] current :  [2, 1, 3, 6]
				 DIHEDRAL:  [2, 1, 3, 6] 4
			3 6 [2, 1, 3] current :  [2, 1, 6]
				4 2 [1, 3, 6] current :  [2, 1, 6, 2]
				 DIHEDRAL:  [2, 1, 6, 2] 4
				4 1 [2, 3, 6] current :  [2, 1, 6, 1]
				 DIHEDRAL:  [2, 1, 6, 1] 4
				4 3 [2, 1, 6] current :  [2, 1, 6, 3]
				 DIHEDRAL:  [2, 1, 6, 3] 4
		2 3 [2, 1, 6] current :  [2, 3]
			3 2 [1, 3, 6] current :  [2, 3, 2]
				4 1 [2, 3, 6] current :  [2, 3, 2, 1]
				 DIHEDRAL:  [2, 3, 2, 1] 4
				4 3 [2, 1, 6] current :  [2, 3, 2, 3]
				 DIHEDRAL:  [2, 3, 2, 3] 4
				4 6 [2, 1, 3] current :  [2, 3, 2, 6]
				 DIHEDRAL:  [2, 3, 2, 6] 4
			3 1 [2, 3, 6] current :  [2, 3, 1]
				4 2 [1, 3, 6] current :  [2, 3, 1, 2]
				 DIHEDRAL:  [2, 3, 1, 2] 4
				4 3 [2, 1, 6] current :  [2, 3, 1, 3]
				 DIHEDRAL:  [2, 3, 1, 3] 4
				4 6 [2, 1, 3] current :  [2, 3, 1, 6]
				 DIHEDRAL:  [2, 3, 1, 6] 4
			3 6 [2, 1, 3] current :  [2, 3, 6]
				4 2 [1, 3, 6] current :  [2, 3, 6, 2]
				 DIHEDRAL:  [2, 3, 6, 2] 4
				4 1 [2, 3, 6] current :  [2, 3, 6, 1]
				 DIHEDRAL:  [2, 3, 6, 1] 4
				4 3 [2, 1, 6] current :  [2, 3, 6, 3]
				 DIHEDRAL:  [2, 3, 6, 3] 4
		2 6 [2, 1, 3] current :  [2, 6]
			3 2 [1, 3, 6] current :  [2, 6, 2]
				4 1 [2, 3, 6] current :  [2, 6, 2, 1]
				 DIHEDRAL:  [2, 6, 2, 1] 4
				4 3 [2, 1, 6] current :  [2, 6, 2, 3]
				 DIHEDRAL:  [2, 6, 2, 3] 4
				4 6 [2, 1, 3] current :  [2, 6, 2, 6]
				 DIHEDRAL:  [2, 6, 2, 6] 4
			3 1 [2, 3, 6] current :  [2, 6, 1]
				4 2 [1, 3, 6] current :  [2, 6, 1, 2]
				 DIHEDRAL:  [2, 6, 1, 2] 4
				4 3 [2, 1, 6] current :  [2, 6, 1, 3]
				 DIHEDRAL:  [2, 6, 1, 3] 4
				4 6 [2, 1, 3] current :  [2, 6, 1, 6]
				 DIHEDRAL:  [2, 6, 1, 6] 4
			3 3 [2, 1, 6] current :  [2, 6, 3]
				4 2 [1, 3, 6] current :  [2, 6, 3, 2]
				 DIHEDRAL:  [2, 6, 3, 2] 4
				4 1 [2, 3, 6] current :  [2, 6, 3, 1]
				 DIHEDRAL:  [2, 6, 3, 1] 4
				4 6 [2, 1, 3] current :  [2, 6, 3, 6]
				 DIHEDRAL:  [2, 6, 3, 6] 4
3 [2, 1, 6]
	1 3 [2, 1, 6] current :  [3]
		2 2 [1, 3, 6] current :  [3, 2]
			3 1 [2, 3, 6] current :  [3, 2, 1]
				4 2 [1, 3, 6] current :  [3, 2, 1, 2]
				 DIHEDRAL:  [3, 2, 1, 2] 4
				4 3 [2, 1, 6] current :  [3, 2, 1, 3]
				 DIHEDRAL:  [3, 2, 1, 3] 4
				4 6 [2, 1, 3] current :  [3, 2, 1, 6]
				 DIHEDRAL:  [3, 2, 1, 6] 4
			3 3 [2, 1, 6] current :  [3, 2, 3]
				4 2 [1, 3, 6] current :  [3, 2, 3, 2]
				 DIHEDRAL:  [3, 2, 3, 2] 4
				4 1 [2, 3, 6] current :  [3, 2, 3, 1]
				 DIHEDRAL:  [3, 2, 3, 1] 4
				4 6 [2, 1, 3] current :  [3, 2, 3, 6]
				 DIHEDRAL:  [3, 2, 3, 6] 4
			3 6 [2, 1, 3] current :  [3, 2, 6]
				4 2 [1, 3, 6] current :  [3, 2, 6, 2]
				 DIHEDRAL:  [3, 2, 6, 2] 4
				4 1 [2, 3, 6] current :  [3, 2, 6, 1]
				 DIHEDRAL:  [3, 2, 6, 1] 4
				4 3 [2, 1, 6] current :  [3, 2, 6, 3]
				 DIHEDRAL:  [3, 2, 6, 3] 4
		2 1 [2, 3, 6] current :  [3, 1]
			3 2 [1, 3, 6] current :  [3, 1, 2]
				4 1 [2, 3, 6] current :  [3, 1, 2, 1]
				 DIHEDRAL:  [3, 1, 2, 1] 4
				4 3 [2, 1, 6] current :  [3, 1, 2, 3]
				 DIHEDRAL:  [3, 1, 2, 3] 4
				4 6 [2, 1, 3] current :  [3, 1, 2, 6]
				 DIHEDRAL:  [3, 1, 2, 6] 4
			3 3 [2, 1, 6] current :  [3, 1, 3]
				4 2 [1, 3, 6] current :  [3, 1, 3, 2]
				 DIHEDRAL:  [3, 1, 3, 2] 4
				4 1 [2, 3, 6] current :  [3, 1, 3, 1]
				 DIHEDRAL:  [3, 1, 3, 1] 4
				4 6 [2, 1, 3] current :  [3, 1, 3, 6]
				 DIHEDRAL:  [3, 1, 3, 6] 4
			3 6 [2, 1, 3] current :  [3, 1, 6]
				4 2 [1, 3, 6] current :  [3, 1, 6, 2]
				 DIHEDRAL:  [3, 1, 6, 2] 4
				4 1 [2, 3, 6] current :  [3, 1, 6, 1]
				 DIHEDRAL:  [3, 1, 6, 1] 4
				4 3 [2, 1, 6] current :  [3, 1, 6, 3]
				 DIHEDRAL:  [3, 1, 6, 3] 4
		2 6 [2, 1, 3] current :  [3, 6]
			3 2 [1, 3, 6] current :  [3, 6, 2]
				4 1 [2, 3, 6] current :  [3, 6, 2, 1]
				 DIHEDRAL:  [3, 6, 2, 1] 4
				4 3 [2, 1, 6] current :  [3, 6, 2, 3]
				 DIHEDRAL:  [3, 6, 2, 3] 4
				4 6 [2, 1, 3] current :  [3, 6, 2, 6]
				 DIHEDRAL:  [3, 6, 2, 6] 4
			3 1 [2, 3, 6] current :  [3, 6, 1]
				4 2 [1, 3, 6] current :  [3, 6, 1, 2]
				 DIHEDRAL:  [3, 6, 1, 2] 4
				4 3 [2, 1, 6] current :  [3, 6, 1, 3]
				 DIHEDRAL:  [3, 6, 1, 3] 4
				4 6 [2, 1, 3] current :  [3, 6, 1, 6]
				 DIHEDRAL:  [3, 6, 1, 6] 4
			3 3 [2, 1, 6] current :  [3, 6, 3]
				4 2 [1, 3, 6] current :  [3, 6, 3, 2]
				 DIHEDRAL:  [3, 6, 3, 2] 4
				4 1 [2, 3, 6] current :  [3, 6, 3, 1]
				 DIHEDRAL:  [3, 6, 3, 1] 4
				4 6 [2, 1, 3] current :  [3, 6, 3, 6]
				 DIHEDRAL:  [3, 6, 3, 6] 4
3 [2, 1, 6]
	1 3 [2, 1, 6] current :  [3]
		2 2 [3, 1, 6] current :  [3, 2]
			3 3 [2, 1, 6] current :  [3, 2, 3]
				4 2 [3, 1, 6] current :  [3, 2, 3, 2]
				 DIHEDRAL:  [3, 2, 3, 2] 4
				4 1 [2, 3, 6] current :  [3, 2, 3, 1]
				 DIHEDRAL:  [3, 2, 3, 1] 4
				4 6 [2, 1, 3] current :  [3, 2, 3, 6]
				 DIHEDRAL:  [3, 2, 3, 6] 4
			3 1 [2, 3, 6] current :  [3, 2, 1]
				4 2 [3, 1, 6] current :  [3, 2, 1, 2]
				 DIHEDRAL:  [3, 2, 1, 2] 4
				4 3 [2, 1, 6] current :  [3, 2, 1, 3]
				 DIHEDRAL:  [3, 2, 1, 3] 4
				4 6 [2, 1, 3] current :  [3, 2, 1, 6]
				 DIHEDRAL:  [3, 2, 1, 6] 4
			3 6 [2, 1, 3] current :  [3, 2, 6]
				4 2 [3, 1, 6] current :  [3, 2, 6, 2]
				 DIHEDRAL:  [3, 2, 6, 2] 4
				4 1 [2, 3, 6] current :  [3, 2, 6, 1]
				 DIHEDRAL:  [3, 2, 6, 1] 4
				4 3 [2, 1, 6] current :  [3, 2, 6, 3]
				 DIHEDRAL:  [3, 2, 6, 3] 4
		2 1 [2, 3, 6] current :  [3, 1]
			3 2 [3, 1, 6] current :  [3, 1, 2]
				4 3 [2, 1, 6] current :  [3, 1, 2, 3]
				 DIHEDRAL:  [3, 1, 2, 3] 4
				4 1 [2, 3, 6] current :  [3, 1, 2, 1]
				 DIHEDRAL:  [3, 1, 2, 1] 4
				4 6 [2, 1, 3] current :  [3, 1, 2, 6]
				 DIHEDRAL:  [3, 1, 2, 6] 4
			3 3 [2, 1, 6] current :  [3, 1, 3]
				4 2 [3, 1, 6] current :  [3, 1, 3, 2]
				 DIHEDRAL:  [3, 1, 3, 2] 4
				4 1 [2, 3, 6] current :  [3, 1, 3, 1]
				 DIHEDRAL:  [3, 1, 3, 1] 4
				4 6 [2, 1, 3] current :  [3, 1, 3, 6]
				 DIHEDRAL:  [3, 1, 3, 6] 4
			3 6 [2, 1, 3] current :  [3, 1, 6]
				4 2 [3, 1, 6] current :  [3, 1, 6, 2]
				 DIHEDRAL:  [3, 1, 6, 2] 4
				4 1 [2, 3, 6] current :  [3, 1, 6, 1]
				 DIHEDRAL:  [3, 1, 6, 1] 4
				4 3 [2, 1, 6] current :  [3, 1, 6, 3]
				 DIHEDRAL:  [3, 1, 6, 3] 4
		2 6 [2, 1, 3] current :  [3, 6]
			3 2 [3, 1, 6] current :  [3, 6, 2]
				4 3 [2, 1, 6] current :  [3, 6, 2, 3]
				 DIHEDRAL:  [3, 6, 2, 3] 4
				4 1 [2, 3, 6] current :  [3, 6, 2, 1]
				 DIHEDRAL:  [3, 6, 2, 1] 4
				4 6 [2, 1, 3] current :  [3, 6, 2, 6]
				 DIHEDRAL:  [3, 6, 2, 6] 4
			3 1 [2, 3, 6] current :  [3, 6, 1]
				4 2 [3, 1, 6] current :  [3, 6, 1, 2]
				 DIHEDRAL:  [3, 6, 1, 2] 4
				4 3 [2, 1, 6] current :  [3, 6, 1, 3]
				 DIHEDRAL:  [3, 6, 1, 3] 4
				4 6 [2, 1, 3] current :  [3, 6, 1, 6]
				 DIHEDRAL:  [3, 6, 1, 6] 4
			3 3 [2, 1, 6] current :  [3, 6, 3]
				4 2 [3, 1, 6] current :  [3, 6, 3, 2]
				 DIHEDRAL:  [3, 6, 3, 2] 4
				4 1 [2, 3, 6] current :  [3, 6, 3, 1]
				 DIHEDRAL:  [3, 6, 3, 1] 4
				4 6 [2, 1, 3] current :  [3, 6, 3, 6]
				 DIHEDRAL:  [3, 6, 3, 6] 4
3 [2, 1, 6]
	1 3 [2, 1, 6] current :  [3]
		2 2 [3, 1, 6] current :  [3, 2]
			3 3 [2, 1, 6] current :  [3, 2, 3]
				4 2 [3, 1, 6] current :  [3, 2, 3, 2]
				 DIHEDRAL:  [3, 2, 3, 2] 4
				4 1 [3, 2, 6] current :  [3, 2, 3, 1]
				 DIHEDRAL:  [3, 2, 3, 1] 4
				4 6 [2, 1, 3] current :  [3, 2, 3, 6]
				 DIHEDRAL:  [3, 2, 3, 6] 4
			3 1 [3, 2, 6] current :  [3, 2, 1]
				4 3 [2, 1, 6] current :  [3, 2, 1, 3]
				 DIHEDRAL:  [3, 2, 1, 3] 4
				4 2 [3, 1, 6] current :  [3, 2, 1, 2]
				 DIHEDRAL:  [3, 2, 1, 2] 4
				4 6 [2, 1, 3] current :  [3, 2, 1, 6]
				 DIHEDRAL:  [3, 2, 1, 6] 4
			3 6 [2, 1, 3] current :  [3, 2, 6]
				4 2 [3, 1, 6] current :  [3, 2, 6, 2]
				 DIHEDRAL:  [3, 2, 6, 2] 4
				4 1 [3, 2, 6] current :  [3, 2, 6, 1]
				 DIHEDRAL:  [3, 2, 6, 1] 4
				4 3 [2, 1, 6] current :  [3, 2, 6, 3]
				 DIHEDRAL:  [3, 2, 6, 3] 4
		2 1 [3, 2, 6] current :  [3, 1]
			3 3 [2, 1, 6] current :  [3, 1, 3]
				4 2 [3, 1, 6] current :  [3, 1, 3, 2]
				 DIHEDRAL:  [3, 1, 3, 2] 4
				4 1 [3, 2, 6] current :  [3, 1, 3, 1]
				 DIHEDRAL:  [3, 1, 3, 1] 4
				4 6 [2, 1, 3] current :  [3, 1, 3, 6]
				 DIHEDRAL:  [3, 1, 3, 6] 4
			3 2 [3, 1, 6] current :  [3, 1, 2]
				4 3 [2, 1, 6] current :  [3, 1, 2, 3]
				 DIHEDRAL:  [3, 1, 2, 3] 4
				4 1 [3, 2, 6] current :  [3, 1, 2, 1]
				 DIHEDRAL:  [3, 1, 2, 1] 4
				4 6 [2, 1, 3] current :  [3, 1, 2, 6]
				 DIHEDRAL:  [3, 1, 2, 6] 4
			3 6 [2, 1, 3] current :  [3, 1, 6]
				4 2 [3, 1, 6] current :  [3, 1, 6, 2]
				 DIHEDRAL:  [3, 1, 6, 2] 4
				4 1 [3, 2, 6] current :  [3, 1, 6, 1]
				 DIHEDRAL:  [3, 1, 6, 1] 4
				4 3 [2, 1, 6] current :  [3, 1, 6, 3]
				 DIHEDRAL:  [3, 1, 6, 3] 4
		2 6 [2, 1, 3] current :  [3, 6]
			3 2 [3, 1, 6] current :  [3, 6, 2]
				4 3 [2, 1, 6] current :  [3, 6, 2, 3]
				 DIHEDRAL:  [3, 6, 2, 3] 4
				4 1 [3, 2, 6] current :  [3, 6, 2, 1]
				 DIHEDRAL:  [3, 6, 2, 1] 4
				4 6 [2, 1, 3] current :  [3, 6, 2, 6]
				 DIHEDRAL:  [3, 6, 2, 6] 4
			3 1 [3, 2, 6] current :  [3, 6, 1]
				4 3 [2, 1, 6] current :  [3, 6, 1, 3]
				 DIHEDRAL:  [3, 6, 1, 3] 4
				4 2 [3, 1, 6] current :  [3, 6, 1, 2]
				 DIHEDRAL:  [3, 6, 1, 2] 4
				4 6 [2, 1, 3] current :  [3, 6, 1, 6]
				 DIHEDRAL:  [3, 6, 1, 6] 4
			3 3 [2, 1, 6] current :  [3, 6, 3]
				4 2 [3, 1, 6] current :  [3, 6, 3, 2]
				 DIHEDRAL:  [3, 6, 3, 2] 4
				4 1 [3, 2, 6] current :  [3, 6, 3, 1]
				 DIHEDRAL:  [3, 6, 3, 1] 4
				4 6 [2, 1, 3] current :  [3, 6, 3, 6]
				 DIHEDRAL:  [3, 6, 3, 6] 4
3 [2, 1, 6]
	1 3 [2, 1, 6] current :  [3]
		2 2 [3, 1, 6] current :  [3, 2]
			3 3 [2, 1, 6] current :  [3, 2, 3]
				4 2 [3, 1, 6] current :  [3, 2, 3, 2]
				 DIHEDRAL:  [3, 2, 3, 2] 4
				4 1 [3, 2, 6] current :  [3, 2, 3, 1]
				 DIHEDRAL:  [3, 2, 3, 1] 4
				4 6 [3, 2, 1] current :  [3, 2, 3, 6]
				 DIHEDRAL:  [3, 2, 3, 6] 4
			3 1 [3, 2, 6] current :  [3, 2, 1]
				4 3 [2, 1, 6] current :  [3, 2, 1, 3]
				 DIHEDRAL:  [3, 2, 1, 3] 4
				4 2 [3, 1, 6] current :  [3, 2, 1, 2]
				 DIHEDRAL:  [3, 2, 1, 2] 4
				4 6 [3, 2, 1] current :  [3, 2, 1, 6]
				 DIHEDRAL:  [3, 2, 1, 6] 4
			3 6 [3, 2, 1] current :  [3, 2, 6]
				4 3 [2, 1, 6] current :  [3, 2, 6, 3]
				 DIHEDRAL:  [3, 2, 6, 3] 4
				4 2 [3, 1, 6] current :  [3, 2, 6, 2]
				 DIHEDRAL:  [3, 2, 6, 2] 4
				4 1 [3, 2, 6] current :  [3, 2, 6, 1]
				 DIHEDRAL:  [3, 2, 6, 1] 4
		2 1 [3, 2, 6] current :  [3, 1]
			3 3 [2, 1, 6] current :  [3, 1, 3]
				4 2 [3, 1, 6] current :  [3, 1, 3, 2]
				 DIHEDRAL:  [3, 1, 3, 2] 4
				4 1 [3, 2, 6] current :  [3, 1, 3, 1]
				 DIHEDRAL:  [3, 1, 3, 1] 4
				4 6 [3, 2, 1] current :  [3, 1, 3, 6]
				 DIHEDRAL:  [3, 1, 3, 6] 4
			3 2 [3, 1, 6] current :  [3, 1, 2]
				4 3 [2, 1, 6] current :  [3, 1, 2, 3]
				 DIHEDRAL:  [3, 1, 2, 3] 4
				4 1 [3, 2, 6] current :  [3, 1, 2, 1]
				 DIHEDRAL:  [3, 1, 2, 1] 4
				4 6 [3, 2, 1] current :  [3, 1, 2, 6]
				 DIHEDRAL:  [3, 1, 2, 6] 4
			3 6 [3, 2, 1] current :  [3, 1, 6]
				4 3 [2, 1, 6] current :  [3, 1, 6, 3]
				 DIHEDRAL:  [3, 1, 6, 3] 4
				4 2 [3, 1, 6] current :  [3, 1, 6, 2]
				 DIHEDRAL:  [3, 1, 6, 2] 4
				4 1 [3, 2, 6] current :  [3, 1, 6, 1]
				 DIHEDRAL:  [3, 1, 6, 1] 4
		2 6 [3, 2, 1] current :  [3, 6]
			3 3 [2, 1, 6] current :  [3, 6, 3]
				4 2 [3, 1, 6] current :  [3, 6, 3, 2]
				 DIHEDRAL:  [3, 6, 3, 2] 4
				4 1 [3, 2, 6] current :  [3, 6, 3, 1]
				 DIHEDRAL:  [3, 6, 3, 1] 4
				4 6 [3, 2, 1] current :  [3, 6, 3, 6]
				 DIHEDRAL:  [3, 6, 3, 6] 4
			3 2 [3, 1, 6] current :  [3, 6, 2]
				4 3 [2, 1, 6] current :  [3, 6, 2, 3]
				 DIHEDRAL:  [3, 6, 2, 3] 4
				4 1 [3, 2, 6] current :  [3, 6, 2, 1]
				 DIHEDRAL:  [3, 6, 2, 1] 4
				4 6 [3, 2, 1] current :  [3, 6, 2, 6]
				 DIHEDRAL:  [3, 6, 2, 6] 4
			3 1 [3, 2, 6] current :  [3, 6, 1]
				4 3 [2, 1, 6] current :  [3, 6, 1, 3]
				 DIHEDRAL:  [3, 6, 1, 3] 4
				4 2 [3, 1, 6] current :  [3, 6, 1, 2]
				 DIHEDRAL:  [3, 6, 1, 2] 4
				4 6 [3, 2, 1] current :  [3, 6, 1, 6]
				 DIHEDRAL:  [3, 6, 1, 6] 4
4 []
	1 4 [] current :  [4]
	 DIHEDRAL:  [4] 1
5 []
	1 5 [] current :  [5]
	 DIHEDRAL:  [5] 1
6 [3, 2, 1]
	1 6 [3, 2, 1] current :  [6]
		2 3 [2, 1, 6] current :  [6, 3]
			3 2 [3, 1, 6] current :  [6, 3, 2]
				4 3 [2, 1, 6] current :  [6, 3, 2, 3]
				 DIHEDRAL:  [6, 3, 2, 3] 4
				4 1 [3, 2, 6] current :  [6, 3, 2, 1]
				 DIHEDRAL:  [6, 3, 2, 1] 4
				4 6 [3, 2, 1] current :  [6, 3, 2, 6]
				 DIHEDRAL:  [6, 3, 2, 6] 4
			3 1 [3, 2, 6] current :  [6, 3, 1]
				4 3 [2, 1, 6] current :  [6, 3, 1, 3]
				 DIHEDRAL:  [6, 3, 1, 3] 4
				4 2 [3, 1, 6] current :  [6, 3, 1, 2]
				 DIHEDRAL:  [6, 3, 1, 2] 4
				4 6 [3, 2, 1] current :  [6, 3, 1, 6]
				 DIHEDRAL:  [6, 3, 1, 6] 4
			3 6 [3, 2, 1] current :  [6, 3, 6]
				4 3 [2, 1, 6] current :  [6, 3, 6, 3]
				 DIHEDRAL:  [6, 3, 6, 3] 4
				4 2 [3, 1, 6] current :  [6, 3, 6, 2]
				 DIHEDRAL:  [6, 3, 6, 2] 4
				4 1 [3, 2, 6] current :  [6, 3, 6, 1]
				 DIHEDRAL:  [6, 3, 6, 1] 4
		2 2 [3, 1, 6] current :  [6, 2]
			3 3 [2, 1, 6] current :  [6, 2, 3]
				4 2 [3, 1, 6] current :  [6, 2, 3, 2]
				 DIHEDRAL:  [6, 2, 3, 2] 4
				4 1 [3, 2, 6] current :  [6, 2, 3, 1]
				 DIHEDRAL:  [6, 2, 3, 1] 4
				4 6 [3, 2, 1] current :  [6, 2, 3, 6]
				 DIHEDRAL:  [6, 2, 3, 6] 4
			3 1 [3, 2, 6] current :  [6, 2, 1]
				4 3 [2, 1, 6] current :  [6, 2, 1, 3]
				 DIHEDRAL:  [6, 2, 1, 3] 4
				4 2 [3, 1, 6] current :  [6, 2, 1, 2]
				 DIHEDRAL:  [6, 2, 1, 2] 4
				4 6 [3, 2, 1] current :  [6, 2, 1, 6]
				 DIHEDRAL:  [6, 2, 1, 6] 4
			3 6 [3, 2, 1] current :  [6, 2, 6]
				4 3 [2, 1, 6] current :  [6, 2, 6, 3]
				 DIHEDRAL:  [6, 2, 6, 3] 4
				4 2 [3, 1, 6] current :  [6, 2, 6, 2]
				 DIHEDRAL:  [6, 2, 6, 2] 4
				4 1 [3, 2, 6] current :  [6, 2, 6, 1]
				 DIHEDRAL:  [6, 2, 6, 1] 4
		2 1 [3, 2, 6] current :  [6, 1]
			3 3 [2, 1, 6] current :  [6, 1, 3]
				4 2 [3, 1, 6] current :  [6, 1, 3, 2]
				 DIHEDRAL:  [6, 1, 3, 2] 4
				4 1 [3, 2, 6] current :  [6, 1, 3, 1]
				 DIHEDRAL:  [6, 1, 3, 1] 4
				4 6 [3, 2, 1] current :  [6, 1, 3, 6]
				 DIHEDRAL:  [6, 1, 3, 6] 4
			3 2 [3, 1, 6] current :  [6, 1, 2]
				4 3 [2, 1, 6] current :  [6, 1, 2, 3]
				 DIHEDRAL:  [6, 1, 2, 3] 4
				4 1 [3, 2, 6] current :  [6, 1, 2, 1]
				 DIHEDRAL:  [6, 1, 2, 1] 4
				4 6 [3, 2, 1] current :  [6, 1, 2, 6]
				 DIHEDRAL:  [6, 1, 2, 6] 4
			3 6 [3, 2, 1] current :  [6, 1, 6]
				4 3 [2, 1, 6] current :  [6, 1, 6, 3]
				 DIHEDRAL:  [6, 1, 6, 3] 4
				4 2 [3, 1, 6] current :  [6, 1, 6, 2]
				 DIHEDRAL:  [6, 1, 6, 2] 4
				4 1 [3, 2, 6] current :  [6, 1, 6, 1]
				 DIHEDRAL:  [6, 1, 6, 1] 4
6 [3, 2, 1]
	1 6 [3, 2, 1] current :  [6]
		2 3 [6, 2, 1] current :  [6, 3]
			3 6 [3, 2, 1] current :  [6, 3, 6]
				4 3 [6, 2, 1] current :  [6, 3, 6, 3]
				 DIHEDRAL:  [6, 3, 6, 3] 4
				4 2 [3, 1, 6] current :  [6, 3, 6, 2]
				 DIHEDRAL:  [6, 3, 6, 2] 4
				4 1 [3, 2, 6] current :  [6, 3, 6, 1]
				 DIHEDRAL:  [6, 3, 6, 1] 4
			3 2 [3, 1, 6] current :  [6, 3, 2]
				4 3 [6, 2, 1] current :  [6, 3, 2, 3]
				 DIHEDRAL:  [6, 3, 2, 3] 4
				4 1 [3, 2, 6] current :  [6, 3, 2, 1]
				 DIHEDRAL:  [6, 3, 2, 1] 4
				4 6 [3, 2, 1] current :  [6, 3, 2, 6]
				 DIHEDRAL:  [6, 3, 2, 6] 4
			3 1 [3, 2, 6] current :  [6, 3, 1]
				4 3 [6, 2, 1] current :  [6, 3, 1, 3]
				 DIHEDRAL:  [6, 3, 1, 3] 4
				4 2 [3, 1, 6] current :  [6, 3, 1, 2]
				 DIHEDRAL:  [6, 3, 1, 2] 4
				4 6 [3, 2, 1] current :  [6, 3, 1, 6]
				 DIHEDRAL:  [6, 3, 1, 6] 4
		2 2 [3, 1, 6] current :  [6, 2]
			3 3 [6, 2, 1] current :  [6, 2, 3]
				4 6 [3, 2, 1] current :  [6, 2, 3, 6]
				 DIHEDRAL:  [6, 2, 3, 6] 4
				4 2 [3, 1, 6] current :  [6, 2, 3, 2]
				 DIHEDRAL:  [6, 2, 3, 2] 4
				4 1 [3, 2, 6] current :  [6, 2, 3, 1]
				 DIHEDRAL:  [6, 2, 3, 1] 4
			3 1 [3, 2, 6] current :  [6, 2, 1]
				4 3 [6, 2, 1] current :  [6, 2, 1, 3]
				 DIHEDRAL:  [6, 2, 1, 3] 4
				4 2 [3, 1, 6] current :  [6, 2, 1, 2]
				 DIHEDRAL:  [6, 2, 1, 2] 4
				4 6 [3, 2, 1] current :  [6, 2, 1, 6]
				 DIHEDRAL:  [6, 2, 1, 6] 4
			3 6 [3, 2, 1] current :  [6, 2, 6]
				4 3 [6, 2, 1] current :  [6, 2, 6, 3]
				 DIHEDRAL:  [6, 2, 6, 3] 4
				4 2 [3, 1, 6] current :  [6, 2, 6, 2]
				 DIHEDRAL:  [6, 2, 6, 2] 4
				4 1 [3, 2, 6] current :  [6, 2, 6, 1]
				 DIHEDRAL:  [6, 2, 6, 1] 4
		2 1 [3, 2, 6] current :  [6, 1]
			3 3 [6, 2, 1] current :  [6, 1, 3]
				4 6 [3, 2, 1] current :  [6, 1, 3, 6]
				 DIHEDRAL:  [6, 1, 3, 6] 4
				4 2 [3, 1, 6] current :  [6, 1, 3, 2]
				 DIHEDRAL:  [6, 1, 3, 2] 4
				4 1 [3, 2, 6] current :  [6, 1, 3, 1]
				 DIHEDRAL:  [6, 1, 3, 1] 4
			3 2 [3, 1, 6] current :  [6, 1, 2]
				4 3 [6, 2, 1] current :  [6, 1, 2, 3]
				 DIHEDRAL:  [6, 1, 2, 3] 4
				4 1 [3, 2, 6] current :  [6, 1, 2, 1]
				 DIHEDRAL:  [6, 1, 2, 1] 4
				4 6 [3, 2, 1] current :  [6, 1, 2, 6]
				 DIHEDRAL:  [6, 1, 2, 6] 4
			3 6 [3, 2, 1] current :  [6, 1, 6]
				4 3 [6, 2, 1] current :  [6, 1, 6, 3]
				 DIHEDRAL:  [6, 1, 6, 3] 4
				4 2 [3, 1, 6] current :  [6, 1, 6, 2]
				 DIHEDRAL:  [6, 1, 6, 2] 4
				4 1 [3, 2, 6] current :  [6, 1, 6, 1]
				 DIHEDRAL:  [6, 1, 6, 1] 4
6 [3, 2, 1]
	1 6 [3, 2, 1] current :  [6]
		2 3 [6, 2, 1] current :  [6, 3]
			3 6 [3, 2, 1] current :  [6, 3, 6]
				4 3 [6, 2, 1] current :  [6, 3, 6, 3]
				 DIHEDRAL:  [6, 3, 6, 3] 4
				4 2 [6, 3, 1] current :  [6, 3, 6, 2]
				 DIHEDRAL:  [6, 3, 6, 2] 4
				4 1 [3, 2, 6] current :  [6, 3, 6, 1]
				 DIHEDRAL:  [6, 3, 6, 1] 4
			3 2 [6, 3, 1] current :  [6, 3, 2]
				4 6 [3, 2, 1] current :  [6, 3, 2, 6]
				 DIHEDRAL:  [6, 3, 2, 6] 4
				4 3 [6, 2, 1] current :  [6, 3, 2, 3]
				 DIHEDRAL:  [6, 3, 2, 3] 4
				4 1 [3, 2, 6] current :  [6, 3, 2, 1]
				 DIHEDRAL:  [6, 3, 2, 1] 4
			3 1 [3, 2, 6] current :  [6, 3, 1]
				4 3 [6, 2, 1] current :  [6, 3, 1, 3]
				 DIHEDRAL:  [6, 3, 1, 3] 4
				4 2 [6, 3, 1] current :  [6, 3, 1, 2]
				 DIHEDRAL:  [6, 3, 1, 2] 4
				4 6 [3, 2, 1] current :  [6, 3, 1, 6]
				 DIHEDRAL:  [6, 3, 1, 6] 4
		2 2 [6, 3, 1] current :  [6, 2]
			3 6 [3, 2, 1] current :  [6, 2, 6]
				4 3 [6, 2, 1] current :  [6, 2, 6, 3]
				 DIHEDRAL:  [6, 2, 6, 3] 4
				4 2 [6, 3, 1] current :  [6, 2, 6, 2]
				 DIHEDRAL:  [6, 2, 6, 2] 4
				4 1 [3, 2, 6] current :  [6, 2, 6, 1]
				 DIHEDRAL:  [6, 2, 6, 1] 4
			3 3 [6, 2, 1] current :  [6, 2, 3]
				4 6 [3, 2, 1] current :  [6, 2, 3, 6]
				 DIHEDRAL:  [6, 2, 3, 6] 4
				4 2 [6, 3, 1] current :  [6, 2, 3, 2]
				 DIHEDRAL:  [6, 2, 3, 2] 4
				4 1 [3, 2, 6] current :  [6, 2, 3, 1]
				 DIHEDRAL:  [6, 2, 3, 1] 4
			3 1 [3, 2, 6] current :  [6, 2, 1]
				4 3 [6, 2, 1] current :  [6, 2, 1, 3]
				 DIHEDRAL:  [6, 2, 1, 3] 4
				4 2 [6, 3, 1] current :  [6, 2, 1, 2]
				 DIHEDRAL:  [6, 2, 1, 2] 4
				4 6 [3, 2, 1] current :  [6, 2, 1, 6]
				 DIHEDRAL:  [6, 2, 1, 6] 4
		2 1 [3, 2, 6] current :  [6, 1]
			3 3 [6, 2, 1] current :  [6, 1, 3]
				4 6 [3, 2, 1] current :  [6, 1, 3, 6]
				 DIHEDRAL:  [6, 1, 3, 6] 4
				4 2 [6, 3, 1] current :  [6, 1, 3, 2]
				 DIHEDRAL:  [6, 1, 3, 2] 4
				4 1 [3, 2, 6] current :  [6, 1, 3, 1]
				 DIHEDRAL:  [6, 1, 3, 1] 4
			3 2 [6, 3, 1] current :  [6, 1, 2]
				4 6 [3, 2, 1] current :  [6, 1, 2, 6]
				 DIHEDRAL:  [6, 1, 2, 6] 4
				4 3 [6, 2, 1] current :  [6, 1, 2, 3]
				 DIHEDRAL:  [6, 1, 2, 3] 4
				4 1 [3, 2, 6] current :  [6, 1, 2, 1]
				 DIHEDRAL:  [6, 1, 2, 1] 4
			3 6 [3, 2, 1] current :  [6, 1, 6]
				4 3 [6, 2, 1] current :  [6, 1, 6, 3]
				 DIHEDRAL:  [6, 1, 6, 3] 4
				4 2 [6, 3, 1] current :  [6, 1, 6, 2]
				 DIHEDRAL:  [6, 1, 6, 2] 4
				4 1 [3, 2, 6] current :  [6, 1, 6, 1]
				 DIHEDRAL:  [6, 1, 6, 1] 4
6 [3, 2, 1]
	1 6 [3, 2, 1] current :  [6]
		2 3 [6, 2, 1] current :  [6, 3]
			3 6 [3, 2, 1] current :  [6, 3, 6]
				4 3 [6, 2, 1] current :  [6, 3, 6, 3]
				 DIHEDRAL:  [6, 3, 6, 3] 4
				4 2 [6, 3, 1] current :  [6, 3, 6, 2]
				 DIHEDRAL:  [6, 3, 6, 2] 4
				4 1 [6, 3, 2] current :  [6, 3, 6, 1]
				 DIHEDRAL:  [6, 3, 6, 1] 4
			3 2 [6, 3, 1] current :  [6, 3, 2]
				4 6 [3, 2, 1] current :  [6, 3, 2, 6]
				 DIHEDRAL:  [6, 3, 2, 6] 4
				4 3 [6, 2, 1] current :  [6, 3, 2, 3]
				 DIHEDRAL:  [6, 3, 2, 3] 4
				4 1 [6, 3, 2] current :  [6, 3, 2, 1]
				 DIHEDRAL:  [6, 3, 2, 1] 4
			3 1 [6, 3, 2] current :  [6, 3, 1]
				4 6 [3, 2, 1] current :  [6, 3, 1, 6]
				 DIHEDRAL:  [6, 3, 1, 6] 4
				4 3 [6, 2, 1] current :  [6, 3, 1, 3]
				 DIHEDRAL:  [6, 3, 1, 3] 4
				4 2 [6, 3, 1] current :  [6, 3, 1, 2]
				 DIHEDRAL:  [6, 3, 1, 2] 4
		2 2 [6, 3, 1] current :  [6, 2]
			3 6 [3, 2, 1] current :  [6, 2, 6]
				4 3 [6, 2, 1] current :  [6, 2, 6, 3]
				 DIHEDRAL:  [6, 2, 6, 3] 4
				4 2 [6, 3, 1] current :  [6, 2, 6, 2]
				 DIHEDRAL:  [6, 2, 6, 2] 4
				4 1 [6, 3, 2] current :  [6, 2, 6, 1]
				 DIHEDRAL:  [6, 2, 6, 1] 4
			3 3 [6, 2, 1] current :  [6, 2, 3]
				4 6 [3, 2, 1] current :  [6, 2, 3, 6]
				 DIHEDRAL:  [6, 2, 3, 6] 4
				4 2 [6, 3, 1] current :  [6, 2, 3, 2]
				 DIHEDRAL:  [6, 2, 3, 2] 4
				4 1 [6, 3, 2] current :  [6, 2, 3, 1]
				 DIHEDRAL:  [6, 2, 3, 1] 4
			3 1 [6, 3, 2] current :  [6, 2, 1]
				4 6 [3, 2, 1] current :  [6, 2, 1, 6]
				 DIHEDRAL:  [6, 2, 1, 6] 4
				4 3 [6, 2, 1] current :  [6, 2, 1, 3]
				 DIHEDRAL:  [6, 2, 1, 3] 4
				4 2 [6, 3, 1] current :  [6, 2, 1, 2]
				 DIHEDRAL:  [6, 2, 1, 2] 4
		2 1 [6, 3, 2] current :  [6, 1]
			3 6 [3, 2, 1] current :  [6, 1, 6]
				4 3 [6, 2, 1] current :  [6, 1, 6, 3]
				 DIHEDRAL:  [6, 1, 6, 3] 4
				4 2 [6, 3, 1] current :  [6, 1, 6, 2]
				 DIHEDRAL:  [6, 1, 6, 2] 4
				4 1 [6, 3, 2] current :  [6, 1, 6, 1]
				 DIHEDRAL:  [6, 1, 6, 1] 4
			3 3 [6, 2, 1] current :  [6, 1, 3]
				4 6 [3, 2, 1] current :  [6, 1, 3, 6]
				 DIHEDRAL:  [6, 1, 3, 6] 4
				4 2 [6, 3, 1] current :  [6, 1, 3, 2]
				 DIHEDRAL:  [6, 1, 3, 2] 4
				4 1 [6, 3, 2] current :  [6, 1, 3, 1]
				 DIHEDRAL:  [6, 1, 3, 1] 4
			3 2 [6, 3, 1] current :  [6, 1, 2]
				4 6 [3, 2, 1] current :  [6, 1, 2, 6]
				 DIHEDRAL:  [6, 1, 2, 6] 4
				4 3 [6, 2, 1] current :  [6, 1, 2, 3]
				 DIHEDRAL:  [6, 1, 2, 3] 4
				4 1 [6, 3, 2] current :  [6, 1, 2, 1]
				 DIHEDRAL:  [6, 1, 2, 1] 4
